0 14.92756987628474 27.84081190375974
1 17.41260251444921 30.453554971292547
2 19.12950802545218 31.253014400399103
3 21.39623270043883 30.242307453079363
4 22.65716285404606 27.964361327481768
5 25.262701759698473 29.49209839181448
6 26.55379913017016 29.115512295660714
7 29.002894571048653 29.25180787448748
8 30.65068627270278 32.85221513650214
9 33.26350845193374 28.277652020179826
10 35.60795400808737 29.964842735129583
11 36.99563131748448 29.658526316718792
12 38.574763876586346 30.335699738990897
13 40.87619108851094 28.83687640469067
14 42.30413514269 29.428736906938504
15 44.26523154785854 32.07743527262376
16 47.3451245515366 29.216120857753133
17 48.786150707707606 32.83017324841424
18 50.92020614591839 33.27784738977048
19 53.10277767848648 27.851346490655672
20 55.08356800317895 29.98680056618302
21 57.02232099097579 31.83393168567987
22 59.12150079666477 30.32241163386705
23 60.88739166874522 30.887685196635317
24 62.66187329411102 30.225204190993402
25 64.61772121729068 31.840645983680957
26 66.41394083175949 29.393269002790127
27 67.82112150241 30.959710321638013
28 70.73806543629473 29.295811209800995
29 72.43828659352732 27.66411388504821
30 75.55458676279967 30.51133962965546
31 77.40618206903149 30.40256164862423
32 78.36700856762057 29.149438418379688
33 80.63031801117097 27.69956797871123
34 83.41669576693805 26.887713885276952
35 85.89402146871866 32.246752611916676
36 86.39797318244634 28.884282218497148
37 89.04866000859477 30.27276780027465
38 91.57991643407301 31.49060399714999
39 92.96650837040295 32.71813878948346
40 94.48737280143911 30.674241782641317
41 97.28745840433862 31.281763261656266
42 99.35788474465757 30.949060495883387
43 101.10581698989638 30.504431345575
44 102.48979748700818 30.729341963591736
45 104.60410171878443 29.92561610683012
46 106.27368854807496 32.35514516088024
47 107.8915735581399 29.981242943156175
48 110.90012511313417 29.861953084854534
49 113.40526828669192 29.712968636076027
